  exponential.cpp
c1xx : warning C4199: two-phase name lookup is not supported for C++/CLI, C++/CX, or OpenMP; use /Zc:twoPhase-
  lcg.cpp
c1xx : warning C4199: two-phase name lookup is not supported for C++/CLI, C++/CX, or OpenMP; use /Zc:twoPhase-
c:\users\daria\source\repos\lcg\lcg\lcg.cpp(95): warning C4244: 'initializing': conversion from '__int64' to 'double', possible loss of data
c:\users\daria\source\repos\lcg\lcg\lcg.cpp(100): warning C4244: '=': conversion from 'double' to '__int64', possible loss of data
c:\users\daria\source\repos\lcg\lcg\lcg.cpp(102): warning C4244: '=': conversion from 'double' to '__int64', possible loss of data
c:\users\daria\source\repos\lcg\lcg\lcg.cpp(143): warning C4018: '<': signed/unsigned mismatch
c:\users\daria\source\repos\lcg\lcg\lcg.cpp(171): warning C4244: 'initializing': conversion from 'double' to 'int', possible loss of data
c:\users\daria\source\repos\lcg\lcg\lcg.cpp(198): warning C4244: 'initializing': conversion from 'const _Ty' to 'int', possible loss of data
          with
          [
              _Ty=double
          ]
c:\users\daria\source\repos\lcg\lcg\lcg.cpp(198): warning C4244: 'initializing': conversion from 'const _Ty' to 'const int', possible loss of data
          with
          [
              _Ty=double
          ]
c:\users\daria\source\repos\lcg\lcg\lcg.cpp(211): warning C4244: 'argument': conversion from 'double' to 'const unsigned __int64', possible loss of data
c:\users\daria\source\repos\lcg\lcg\lcg.cpp(214): warning C4244: 'argument': conversion from 'double' to 'const unsigned __int64', possible loss of data
c:\users\daria\source\repos\lcg\lcg\lcg.cpp(220): warning C4244: 'argument': conversion from 'double' to 'const unsigned __int64', possible loss of data
c:\users\daria\source\repos\lcg\lcg\lcg.cpp(260): warning C4244: '=': conversion from 'double' to 'int', possible loss of data
c:\users\daria\source\repos\lcg\lcg\lcg.cpp(292): warning C4244: 'initializing': conversion from 'const _Ty' to 'int', possible loss of data
          with
          [
              _Ty=double
          ]
c:\users\daria\source\repos\lcg\lcg\lcg.cpp(292): warning C4244: 'initializing': conversion from 'const _Ty' to 'const int', possible loss of data
          with
          [
              _Ty=double
          ]
c:\users\daria\source\repos\lcg\lcg\lcg.cpp(312): warning C4244: '=': conversion from 'double' to 'int', possible loss of data
c:\users\daria\source\repos\lcg\lcg\lcg.cpp(362): warning C4244: 'argument': conversion from 'double' to 'int', possible loss of data
c:\users\daria\source\repos\lcg\lcg\lcg.cpp(418): warning C4244: 'initializing': conversion from '__int64' to 'int', possible loss of data
c:\users\daria\source\repos\lcg\lcg\lcg.cpp(421): warning C4244: 'initializing': conversion from 'const _Ty' to 'int', possible loss of data
          with
          [
              _Ty=double
          ]
c:\users\daria\source\repos\lcg\lcg\lcg.cpp(421): warning C4244: 'initializing': conversion from 'const _Ty' to 'const int', possible loss of data
          with
          [
              _Ty=double
          ]
c:\users\daria\source\repos\lcg\lcg\lcg.cpp(448): warning C4244: 'argument': conversion from 'double' to 'int', possible loss of data
c:\users\daria\source\repos\lcg\lcg\lcg.cpp(519): warning C4244: 'initializing': conversion from 'double' to '__int64', possible loss of data
c:\users\daria\source\repos\lcg\lcg\lcg.cpp(521): warning C4244: 'initializing': conversion from 'double' to 'int', possible loss of data
c:\users\daria\source\repos\lcg\lcg\lcg.cpp(564): warning C4244: 'initializing': conversion from 'const _Ty' to 'int', possible loss of data
          with
          [
              _Ty=double
          ]
c:\users\daria\source\repos\lcg\lcg\lcg.cpp(564): warning C4244: 'initializing': conversion from 'const _Ty' to 'const int', possible loss of data
          with
          [
              _Ty=double
          ]
c:\users\daria\source\repos\lcg\lcg\lcg.cpp(587): warning C4244: '=': conversion from 'double' to '_Ty1', possible loss of data
          with
          [
              _Ty1=int
          ]
c:\users\daria\source\repos\lcg\lcg\lcg.cpp(602): warning C4244: 'initializing': conversion from 'double' to '__int64', possible loss of data
c:\users\daria\source\repos\lcg\lcg\lcg.cpp(605): warning C4244: 'initializing': conversion from '_Ty2' to 'int', possible loss of data
          with
          [
              _Ty2=__int64
          ]
c:\users\daria\source\repos\lcg\lcg\lcg.cpp(607): warning C4244: 'initializing': conversion from 'double' to 'int', possible loss of data
c:\program files (x86)\microsoft visual studio\2017\community\vc\tools\msvc\14.15.26726\include\utility(303): warning C4244: '=': conversion from '_Ty' to '_Ty1', possible loss of data
          with
          [
              _Ty=__int64
          ]
          and
          [
              _Ty1=int
          ]
  c:\users\daria\source\repos\lcg\lcg\lcg.cpp(617): note: see reference to function template instantiation 'std::pair<int,__int64> &std::pair<int,__int64>::operator =<__int64,__int64,0>(std::pair<__int64,__int64> &&) noexcept' being compiled
  c:\users\daria\source\repos\lcg\lcg\lcg.cpp(617): note: see reference to function template instantiation 'std::pair<int,__int64> &std::pair<int,__int64>::operator =<__int64,__int64,0>(std::pair<__int64,__int64> &&) noexcept' being compiled
  normal.cpp
c1xx : warning C4199: two-phase name lookup is not supported for C++/CLI, C++/CX, or OpenMP; use /Zc:twoPhase-
  special_lcg.cpp
c1xx : warning C4199: two-phase name lookup is not supported for C++/CLI, C++/CX, or OpenMP; use /Zc:twoPhase-
c:\users\daria\source\repos\lcg\lcg\special_lcg.cpp(15): warning C4244: 'initializing': conversion from '_Ty' to 'int', possible loss of data
          with
          [
              _Ty=double
          ]
  test.cpp
c1xx : warning C4199: two-phase name lookup is not supported for C++/CLI, C++/CX, or OpenMP; use /Zc:twoPhase-
  uniform.cpp
c1xx : warning C4199: two-phase name lookup is not supported for C++/CLI, C++/CX, or OpenMP; use /Zc:twoPhase-
  Generating code
  21 of 205 functions (10.2%) were compiled, the rest were copied from previous compilation.
    2 functions were new in current compilation
    10 functions had inline decision re-evaluated but remain unchanged
  Finished generating code
  lcg.vcxproj -> C:\Users\Daria\source\repos\lcg\x64\Release\lcg.exe
